#
# A fatal error has been detected by the Java Runtime Environment:
#
#  SIGSEGV (0xb) at pc=0x6362b798, pid=27822, tid=0x5c08cb40
#
# JRE version: OpenJDK Runtime Environment (8.0_111-b14) (build 1.8.0_111-8u111-b14-2ubuntu0.16.04.2-b14)
# Java VM: OpenJDK Server VM (25.111-b14 mixed mode linux-x86 )
# Problematic frame:
# C  [libXrandr.so.2+0x2798]  XRRConfigTimes+0x8
#
# Failed to write core dump. Core dumps have been disabled. To enable core dumping, try "ulimit -c unlimited" before starting Java again
#
# If you would like to submit a bug report, please visit:
#   http://bugreport.java.com/bugreport/crash.jsp
# The crash happened outside the Java Virtual Machine in native code.
# See problematic frame for where to report the bug.
#

---------------  T H R E A D  ---------------

Current thread (0x61811400):  JavaThread "Thread-3" [_thread_in_native, id=27871, stack(0x5c03c000,0x5c08d000)]

siginfo: si_signo: 11 (SIGSEGV), si_code: 1 (SEGV_MAPERR), si_addr: 0x0000001c

Registers:
EAX=0x00000000, EBX=0x619feff4, ECX=0x00000001, EDX=0x5c08bd58
ESP=0x5c08bcfc, EBP=0x5c08bd78, ESI=0x6753fe70, EDI=0x00000000
EIP=0x6362b798, EFLAGS=0x00010246, CR2=0x0000001c

Top of Stack: (sp=0x5c08bcfc)
0x5c08bcfc:   619da5e2 00000000 5c08bd58 0000026b
0x5c08bd0c:   00000000 00000000 0000003c 00240001
0x5c08bd1c:   5c08bd58 63fa8888 00000052 61811400
0x5c08bd2c:   0000026b 5c08bd58 00000000 5c08bd78
0x5c08bd3c:   619d8862 0000000d 63eb2960 0000000d
0x5c08bd4c:   63eb2960 00000003 61adecf0 02580320
0x5c08bd5c:   0000000d 61811400 00000000 b6b4a58b
0x5c08bd6c:   619feff4 00000000 63eb2960 5c08be08 

Instructions: (pc=0x6362b798)
0x6362b778:   10 83 c0 02 89 13 5b c3 8b 44 24 10 c7 00 00 00
0x6362b788:   00 00 31 c0 5b c3 66 90 8b 44 24 04 8b 54 24 08
0x6362b798:   8b 48 1c 89 0a 8b 40 18 c3 eb 0d 90 90 90 90 90
0x6362b7a8:   90 90 90 90 90 90 90 90 8b 44 24 04 8b 54 24 08 

Register to memory mapping:

EAX=0x00000000 is an unknown value
EBX=0x619feff4: <offset 0x5bff4> in /home/mosima/Documents/workspace/ACTC/liblwjgl.so at 0x619a3000
ECX=0x00000001 is an unknown value
EDX=0x5c08bd58 is pointing into the stack for thread: 0x61811400
ESP=0x5c08bcfc is pointing into the stack for thread: 0x61811400
EBP=0x5c08bd78 is pointing into the stack for thread: 0x61811400
ESI=0x6753fe70 is an unknown value
EDI=0x00000000 is an unknown value


Stack: [0x5c03c000,0x5c08d000],  sp=0x5c08bcfc,  free space=319k
Native frames: (J=compiled Java code, j=interpreted, Vv=VM code, C=native code)
C  [libXrandr.so.2+0x2798]  XRRConfigTimes+0x8
C  [liblwjgl.so+0x378b2]  Java_org_lwjgl_opengl_LinuxDisplay_nSwitchDisplayMode+0x262
j  org.lwjgl.opengl.LinuxDisplay.nSwitchDisplayMode(JIILorg/lwjgl/opengl/DisplayMode;)V+0
j  org.lwjgl.opengl.LinuxDisplay.switchDisplayModeOnTmpDisplay(Lorg/lwjgl/opengl/DisplayMode;)V+14
j  org.lwjgl.opengl.LinuxDisplay.switchDisplayMode(Lorg/lwjgl/opengl/DisplayMode;)V+5
j  org.lwjgl.opengl.LinuxDisplay.resetDisplayMode()V+40
j  org.lwjgl.opengl.Display.reset()V+3
j  org.lwjgl.opengl.Display.access$000()V+0
j  org.lwjgl.opengl.Display$1.run()V+0
v  ~StubRoutines::call_stub
V  [libjvm.so+0x51ca1d]
V  [libjvm.so+0x743165]
V  [libjvm.so+0x51a556]
V  [libjvm.so+0x51aa51]
V  [libjvm.so+0x558b1a]
V  [libjvm.so+0x87e02b]
V  [libjvm.so+0x87e4fe]
V  [libjvm.so+0x73bd05]
C  [libpthread.so.0+0x6295]  start_thread+0xe5
C  [libc.so.6+0xe6eee]  clone+0x6e

Java frames: (J=compiled Java code, j=interpreted, Vv=VM code)
j  org.lwjgl.opengl.LinuxDisplay.nSwitchDisplayMode(JIILorg/lwjgl/opengl/DisplayMode;)V+0
j  org.lwjgl.opengl.LinuxDisplay.switchDisplayModeOnTmpDisplay(Lorg/lwjgl/opengl/DisplayMode;)V+14
j  org.lwjgl.opengl.LinuxDisplay.switchDisplayMode(Lorg/lwjgl/opengl/DisplayMode;)V+5
j  org.lwjgl.opengl.LinuxDisplay.resetDisplayMode()V+40
j  org.lwjgl.opengl.Display.reset()V+3
j  org.lwjgl.opengl.Display.access$000()V+0
j  org.lwjgl.opengl.Display$1.run()V+0
v  ~StubRoutines::call_stub

---------------  P R O C E S S  ---------------

Java Threads: ( => current thread )
  0x61801800 JavaThread "Platform-shutdown" [_thread_blocked, id=27875, stack(0x4fd5e000,0x4fdaf000)]
  0x61800800 JavaThread "XToolkt-Shutdown-Thread" [_thread_blocked, id=27874, stack(0x4fdaf000,0x4fe00000)]
=>0x61811400 JavaThread "Thread-3" [_thread_in_native, id=27871, stack(0x5c03c000,0x5c08d000)]
  0x50af0800 JavaThread "jME Terrain Thread" daemon [_thread_blocked, id=27869, stack(0x61e08000,0x61e59000)]
  0x5ca7e400 JavaThread "jME3 Audio Thread" daemon [_thread_blocked, id=27865, stack(0x5bf9a000,0x5bfeb000)]
  0xb6208800 JavaThread "DestroyJavaVM" [_thread_blocked, id=27825, stack(0xb63dc000,0xb642d000)]
  0x6180d800 JavaThread "Kaiser Soze" [_thread_blocked, id=27864, stack(0x5bfeb000,0x5c03c000)]
  0x61895c00 JavaThread "Container-1-failure-monitor" [_thread_blocked, id=27862, stack(0x5c08d000,0x5c0de000)]
  0x61872c00 JavaThread "df" [_thread_blocked, id=27861, stack(0x5c1de000,0x5c22f000)]
  0x61872400 JavaThread "ams" [_thread_blocked, id=27860, stack(0x638d8000,0x63929000)]
  0x6186d000 JavaThread "Thread-13" [_thread_in_native, id=27859, stack(0x63887000,0x638d8000)]
  0x61866000 JavaThread "Deliverer-04" [_thread_blocked, id=27858, stack(0x5c32f000,0x5c380000)]
  0x61855400 JavaThread "Deliverer-03" [_thread_blocked, id=27857, stack(0x5c380000,0x5c3d1000)]
  0x61847400 JavaThread "Deliverer-02" [_thread_blocked, id=27856, stack(0x5c3d1000,0x5c422000)]
  0x61878c00 JavaThread "Deliverer-01" [_thread_blocked, id=27855, stack(0x5cc20000,0x5cc71000)]
  0x61869800 JavaThread "Deliverer-00" [_thread_blocked, id=27854, stack(0x5ccfb000,0x5cd4c000)]
  0x61819c00 JavaThread "Thread-7" [_thread_in_native, id=27853, stack(0x5cc71000,0x5ccc2000)]
  0x6180a000 JavaThread "Thread-6" [_thread_blocked, id=27852, stack(0x5cd4c000,0x5cd9d000)]
  0x61df4400 JavaThread "JICPServer-8888" daemon [_thread_in_native, id=27851, stack(0x5cd9d000,0x5cdee000)]
  0x61df5c00 JavaThread "JADE Timer dispatcher" [_thread_blocked, id=27845, stack(0x61952000,0x619a3000)]
  0x61ddf800 JavaThread "LWJGL Renderer Thread" [_thread_in_native, id=27844, stack(0x61edf000,0x61f30000)]
  0x63f9d000 JavaThread "AWT-XAWT" daemon [_thread_in_native, id=27839, stack(0x63929000,0x6397a000)]
  0x63f8a400 JavaThread "Java2D Disposer" daemon [_thread_blocked, id=27838, stack(0x6398c000,0x639dd000)]
  0x64839000 JavaThread "Service Thread" daemon [_thread_blocked, id=27836, stack(0x64339000,0x6438a000)]
  0x64836000 JavaThread "C1 CompilerThread1" daemon [_thread_blocked, id=27835, stack(0x6438a000,0x6440b000)]
  0x64834000 JavaThread "C2 CompilerThread0" daemon [_thread_blocked, id=27834, stack(0x6440b000,0x6448c000)]
  0x64832800 JavaThread "Signal Dispatcher" daemon [_thread_blocked, id=27833, stack(0x6448c000,0x644dd000)]
  0x64818800 JavaThread "Finalizer" daemon [_thread_blocked, id=27832, stack(0x646dd000,0x6472e000)]
  0x64815c00 JavaThread "Reference Handler" daemon [_thread_blocked, id=27831, stack(0x6472e000,0x6477f000)]

Other Threads:
  0x64811400 VMThread [stack: 0x6477f000,0x64800000] [id=27830]
  0x6483ac00 WatcherThread [stack: 0x642b8000,0x64339000] [id=27837]

VM state:not at safepoint (normal execution)

VM Mutex/Monitor currently owned by a thread: None

Heap:
 PSYoungGen      total 163584K, used 61955K [0x91cc0000, 0x9c180000, 0xa6e00000)
  eden space 161024K, 38% used [0x91cc0000,0x95934ca8,0x9ba00000)
  from space 2560K, 1% used [0x9ba00000,0x9ba0c000,0x9bc80000)
  to   space 2304K, 0% used [0x9bf40000,0x9bf40000,0x9c180000)
 ParOldGen       total 36352K, used 9705K [0x67a00000, 0x69d80000, 0x91cc0000)
  object space 36352K, 26% used [0x67a00000,0x6837a580,0x69d80000)
 Metaspace       used 17540K, capacity 17760K, committed 17920K, reserved 18736K

Card table byte_map: [0x67805000,0x67a00000] byte_map_base: 0x674c8000

Marking Bits: (ParMarkBitMap*) 0xb714c7e0
 Begin Bits: [0x65360000, 0x66330000)
 End Bits:   [0x66330000, 0x67300000)

Polling page: 0xb775d000

CodeCache: size=245760Kb used=8647Kb max_used=9205Kb free=237113Kb
 bounds [0xa7200000, 0xa7b08000, 0xb6200000]
 total_blobs=3381 nmethods=3003 adapters=292
 compilation: enabled

Compilation events (10 events):
Event: 100,707 Thread 0x64836000 3466       3       java.util.logging.Logger::getHandlers (5 bytes)
Event: 100,707 Thread 0x64836000 nmethod 3466 0xa770b1c8 code [0xa770b2e0, 0xa770b44c]
Event: 100,707 Thread 0x64836000 3468       3       java.util.logging.Logger::checkPermission (29 bytes)
Event: 100,708 Thread 0x64836000 nmethod 3468 0xa78d6c48 code [0xa78d6da0, 0xa78d7138]
Event: 100,731 Thread 0x64836000 3469       3       java.lang.Class::copyMethods (36 bytes)
Event: 100,731 Thread 0x64836000 nmethod 3469 0xa7790208 code [0xa77903c0, 0xa7790b58]
Event: 100,733 Thread 0x64836000 3470       3       jade.content.schema.TermSchema::toString (5 bytes)
Event: 100,733 Thread 0x64836000 nmethod 3470 0xa778f288 code [0xa778f460, 0xa778fd9c]
Event: 100,734 Thread 0x64836000 3471       1       jade.content.abs.AbsPrimitive::getObject (5 bytes)
Event: 100,734 Thread 0x64836000 nmethod 3471 0xa72ac448 code [0xa72ac540, 0xa72ac5e0]

GC Heap History (10 events):
Event: 82,897 GC heap before
{Heap before GC invocations=32 (full 1):
 PSYoungGen      total 158208K, used 155488K [0x91cc0000, 0x9ba80000, 0xa6e00000)
  eden space 155392K, 100% used [0x91cc0000,0x9b480000,0x9b480000)
  from space 2816K, 3% used [0x9b7c0000,0x9b7d8000,0x9ba80000)
  to   space 3072K, 0% used [0x9b480000,0x9b480000,0x9b780000)
 ParOldGen       total 36352K, used 9665K [0x67a00000, 0x69d80000, 0x91cc0000)
  object space 36352K, 26% used [0x67a00000,0x68370580,0x69d80000)
 Metaspace       used 17499K, capacity 17728K, committed 17920K, reserved 18736K
Event: 82,898 GC heap after
Heap after GC invocations=32 (full 1):
 PSYoungGen      total 158464K, used 64K [0x91cc0000, 0x9bc40000, 0xa6e00000)
  eden space 155392K, 0% used [0x91cc0000,0x91cc0000,0x9b480000)
  from space 3072K, 2% used [0x9b480000,0x9b490000,0x9b780000)
  to   space 2816K, 0% used [0x9b980000,0x9b980000,0x9bc40000)
 ParOldGen       total 36352K, used 9669K [0x67a00000, 0x69d80000, 0x91cc0000)
  object space 36352K, 26% used [0x67a00000,0x68371580,0x69d80000)
 Metaspace       used 17499K, capacity 17728K, committed 17920K, reserved 18736K
}
Event: 86,409 GC heap before
{Heap before GC invocations=33 (full 1):
 PSYoungGen      total 158464K, used 155456K [0x91cc0000, 0x9bc40000, 0xa6e00000)
  eden space 155392K, 100% used [0x91cc0000,0x9b480000,0x9b480000)
  from space 3072K, 2% used [0x9b480000,0x9b490000,0x9b780000)
  to   space 2816K, 0% used [0x9b980000,0x9b980000,0x9bc40000)
 ParOldGen       total 36352K, used 9669K [0x67a00000, 0x69d80000, 0x91cc0000)
  object space 36352K, 26% used [0x67a00000,0x68371580,0x69d80000)
 Metaspace       used 17499K, capacity 17728K, committed 17920K, reserved 18736K
Event: 86,418 GC heap after
Heap after GC invocations=33 (full 1):
 PSYoungGen      total 160512K, used 64K [0x91cc0000, 0x9bd80000, 0xa6e00000)
  eden space 157696K, 0% used [0x91cc0000,0x91cc0000,0x9b6c0000)
  from space 2816K, 2% used [0x9b980000,0x9b990000,0x9bc40000)
  to   space 2816K, 0% used [0x9b6c0000,0x9b6c0000,0x9b980000)
 ParOldGen       total 36352K, used 9681K [0x67a00000, 0x69d80000, 0x91cc0000)
  object space 36352K, 26% used [0x67a00000,0x68374580,0x69d80000)
 Metaspace       used 17499K, capacity 17728K, committed 17920K, reserved 18736K
}
Event: 90,362 GC heap before
{Heap before GC invocations=34 (full 1):
 PSYoungGen      total 160512K, used 157760K [0x91cc0000, 0x9bd80000, 0xa6e00000)
  eden space 157696K, 100% used [0x91cc0000,0x9b6c0000,0x9b6c0000)
  from space 2816K, 2% used [0x9b980000,0x9b990000,0x9bc40000)
  to   space 2816K, 0% used [0x9b6c0000,0x9b6c0000,0x9b980000)
 ParOldGen       total 36352K, used 9681K [0x67a00000, 0x69d80000, 0x91cc0000)
  object space 36352K, 26% used [0x67a00000,0x68374580,0x69d80000)
 Metaspace       used 17502K, capacity 17728K, committed 17920K, reserved 18736K
Event: 90,373 GC heap after
Heap after GC invocations=34 (full 1):
 PSYoungGen      total 160512K, used 64K [0x91cc0000, 0x9bf80000, 0xa6e00000)
  eden space 157696K, 0% used [0x91cc0000,0x91cc0000,0x9b6c0000)
  from space 2816K, 2% used [0x9b6c0000,0x9b6d0000,0x9b980000)
  to   space 2560K, 0% used [0x9bd00000,0x9bd00000,0x9bf80000)
 ParOldGen       total 36352K, used 9689K [0x67a00000, 0x69d80000, 0x91cc0000)
  object space 36352K, 26% used [0x67a00000,0x68376580,0x69d80000)
 Metaspace       used 17502K, capacity 17728K, committed 17920K, reserved 18736K
}
Event: 94,156 GC heap before
{Heap before GC invocations=35 (full 1):
 PSYoungGen      total 160512K, used 157760K [0x91cc0000, 0x9bf80000, 0xa6e00000)
  eden space 157696K, 100% used [0x91cc0000,0x9b6c0000,0x9b6c0000)
  from space 2816K, 2% used [0x9b6c0000,0x9b6d0000,0x9b980000)
  to   space 2560K, 0% used [0x9bd00000,0x9bd00000,0x9bf80000)
 ParOldGen       total 36352K, used 9689K [0x67a00000, 0x69d80000, 0x91cc0000)
  object space 36352K, 26% used [0x67a00000,0x68376580,0x69d80000)
 Metaspace       used 17505K, capacity 17728K, committed 17920K, reserved 18736K
Event: 94,158 GC heap after
Heap after GC invocations=35 (full 1):
 PSYoungGen      total 163072K, used 48K [0x91cc0000, 0x9bf00000, 0xa6e00000)
  eden space 161024K, 0% used [0x91cc0000,0x91cc0000,0x9ba00000)
  from space 2048K, 2% used [0x9bd00000,0x9bd0c000,0x9bf00000)
  to   space 2560K, 0% used [0x9ba00000,0x9ba00000,0x9bc80000)
 ParOldGen       total 36352K, used 9697K [0x67a00000, 0x69d80000, 0x91cc0000)
  object space 36352K, 26% used [0x67a00000,0x68378580,0x69d80000)
 Metaspace       used 17505K, capacity 17728K, committed 17920K, reserved 18736K
}
Event: 98,376 GC heap before
{Heap before GC invocations=36 (full 1):
 PSYoungGen      total 163072K, used 161072K [0x91cc0000, 0x9bf00000, 0xa6e00000)
  eden space 161024K, 100% used [0x91cc0000,0x9ba00000,0x9ba00000)
  from space 2048K, 2% used [0x9bd00000,0x9bd0c000,0x9bf00000)
  to   space 2560K, 0% used [0x9ba00000,0x9ba00000,0x9bc80000)
 ParOldGen       total 36352K, used 9697K [0x67a00000, 0x69d80000, 0x91cc0000)
  object space 36352K, 26% used [0x67a00000,0x68378580,0x69d80000)
 Metaspace       used 17521K, capacity 17760K, committed 17920K, reserved 18736K
Event: 98,378 GC heap after
Heap after GC invocations=36 (full 1):
 PSYoungGen      total 163584K, used 48K [0x91cc0000, 0x9c180000, 0xa6e00000)
  eden space 161024K, 0% used [0x91cc0000,0x91cc0000,0x9ba00000)
  from space 2560K, 1% used [0x9ba00000,0x9ba0c000,0x9bc80000)
  to   space 2304K, 0% used [0x9bf40000,0x9bf40000,0x9c180000)
 ParOldGen       total 36352K, used 9705K [0x67a00000, 0x69d80000, 0x91cc0000)
  object space 36352K, 26% used [0x67a00000,0x6837a580,0x69d80000)
 Metaspace       used 17521K, capacity 17760K, committed 17920K, reserved 18736K
}

Deoptimization events (10 events):
Event: 33,428 Thread 0x6180d800 Uncommon trap: reason=class_check action=maybe_recompile pc=0xa7a26abc method=java.util.ComparableTimSort.binarySort([Ljava/lang/Object;III)V @ 40
Event: 33,990 Thread 0x61811400 Uncommon trap: reason=class_check action=maybe_recompile pc=0xa7a26abc method=java.util.ComparableTimSort.binarySort([Ljava/lang/Object;III)V @ 40
Event: 34,000 Thread 0x61811400 Uncommon trap: reason=class_check action=maybe_recompile pc=0xa7a26abc method=java.util.ComparableTimSort.binarySort([Ljava/lang/Object;III)V @ 40
Event: 34,431 Thread 0x6180d800 Uncommon trap: reason=class_check action=maybe_recompile pc=0xa7a26abc method=java.util.ComparableTimSort.binarySort([Ljava/lang/Object;III)V @ 40
Event: 39,265 Thread 0x61811400 Uncommon trap: reason=unstable_if action=reinterpret pc=0xa7712380 method=com.jme3.scene.Spatial.checkDoBoundUpdate()V @ 6
Event: 46,781 Thread 0x61ddf800 Uncommon trap: reason=unstable_if action=reinterpret pc=0xa7860050 method=com.bulletphysics.collision.narrowphase.GjkPairDetector.getClosestPoints(Lcom/bulletphysics/collision/narrowphase/DiscreteCollisionDetectorInterface$ClosestPointInput;Lcom/bulletphy
Event: 62,908 Thread 0x63f9d000 Uncommon trap: reason=unstable_if action=reinterpret pc=0xa7a81ea8 method=java.util.concurrent.locks.ReentrantLock$Sync.nonfairTryAcquire(I)Z @ 19
Event: 82,493 Thread 0x63f9d000 Uncommon trap: reason=unstable_if action=reinterpret pc=0xa75e08d8 method=java.util.concurrent.locks.ReentrantLock$Sync.nonfairTryAcquire(I)Z @ 19
Event: 91,443 Thread 0x61811400 Uncommon trap: reason=unstable_if action=reinterpret pc=0xa7407308 method=com.jme3.math.Vector3f.equals(Ljava/lang/Object;)Z @ 48
Event: 96,654 Thread 0x61811400 Uncommon trap: reason=unstable_if action=reinterpret pc=0xa7af4f18 method=java.util.HashMap.clear()V @ 23

Internal exceptions (10 events):
Event: 5,302 Thread 0x5ca7e400 Exception <a 'org/lwjgl/LWJGLException': Could not load OpenAL library> (0x91eea5c8) thrown at [/build/openjdk-8-vuCyZK/openjdk-8-8u111-b14/src/hotspot/src/share/vm/prims/jni.cpp, line 735]
Event: 5,302 Thread 0x5ca7e400 Exception <a 'org/lwjgl/LWJGLException': Could not load OpenAL library> (0x91eeab70) thrown at [/build/openjdk-8-vuCyZK/openjdk-8-8u111-b14/src/hotspot/src/share/vm/prims/jni.cpp, line 735]
Event: 5,302 Thread 0x5ca7e400 Exception <a 'org/lwjgl/LWJGLException': Could not load OpenAL library> (0x91eeb0f8) thrown at [/build/openjdk-8-vuCyZK/openjdk-8-8u111-b14/src/hotspot/src/share/vm/prims/jni.cpp, line 735]
Event: 5,303 Thread 0x5ca7e400 Exception <a 'org/lwjgl/LWJGLException': Could not load OpenAL library> (0x91eeb650) thrown at [/build/openjdk-8-vuCyZK/openjdk-8-8u111-b14/src/hotspot/src/share/vm/prims/jni.cpp, line 735]
Event: 5,303 Thread 0x5ca7e400 Exception <a 'org/lwjgl/LWJGLException': Could not load OpenAL library> (0x91eebb98) thrown at [/build/openjdk-8-vuCyZK/openjdk-8-8u111-b14/src/hotspot/src/share/vm/prims/jni.cpp, line 735]
Event: 5,303 Thread 0x5ca7e400 Exception <a 'org/lwjgl/LWJGLException': Could not load OpenAL library> (0x91eec060) thrown at [/build/openjdk-8-vuCyZK/openjdk-8-8u111-b14/src/hotspot/src/share/vm/prims/jni.cpp, line 735]
Event: 5,303 Thread 0x5ca7e400 Exception <a 'org/lwjgl/LWJGLException': Could not load OpenAL library> (0x91eec500) thrown at [/build/openjdk-8-vuCyZK/openjdk-8-8u111-b14/src/hotspot/src/share/vm/prims/jni.cpp, line 735]
Event: 5,303 Thread 0x5ca7e400 Exception <a 'org/lwjgl/LWJGLException': Could not load OpenAL library> (0x91eeca28) thrown at [/build/openjdk-8-vuCyZK/openjdk-8-8u111-b14/src/hotspot/src/share/vm/prims/jni.cpp, line 735]
Event: 5,303 Thread 0x5ca7e400 Exception <a 'org/lwjgl/LWJGLException': Could not load OpenAL library> (0x91eecfb0) thrown at [/build/openjdk-8-vuCyZK/openjdk-8-8u111-b14/src/hotspot/src/share/vm/prims/jni.cpp, line 735]
Event: 100,740 Thread 0x6180d800 Exception <a 'java/lang/InterruptedException'> (0x951f93b8) thrown at [/build/openjdk-8-vuCyZK/openjdk-8-8u111-b14/src/hotspot/src/share/vm/runtime/objectMonitor.cpp, line 1684]

Events (10 events):
Event: 100,734 Executing VM operation: RevokeBias done
Event: 100,734 Thread 0x64836000 flushing nmethod 0xa7333088
Event: 100,735 Executing VM operation: RevokeBias
Event: 100,738 Executing VM operation: RevokeBias done
Event: 100,738 Executing VM operation: RevokeBias
Event: 100,739 Executing VM operation: RevokeBias done
Event: 100,739 Executing VM operation: RevokeBias
Event: 100,740 Executing VM operation: RevokeBias done
Event: 100,740 Executing VM operation: RevokeBias
Event: 100,741 Executing VM operation: RevokeBias done


Dynamic libraries:
08048000-08049000 r-xp 00000000 08:01 393403     /usr/lib/jvm/java-8-openjdk-i386/jre/bin/java
08049000-0804a000 r--p 00000000 08:01 393403     /usr/lib/jvm/java-8-openjdk-i386/jre/bin/java
0804a000-0804b000 rw-p 00001000 08:01 393403     /usr/lib/jvm/java-8-openjdk-i386/jre/bin/java
09917000-0a316000 rw-p 00000000 00:00 0          [heap]
4fd5e000-4fd61000 ---p 00000000 00:00 0 
4fd61000-4fdaf000 rw-p 00000000 00:00 0 
4fdaf000-4fdb2000 ---p 00000000 00:00 0 
4fdb2000-4fe00000 rw-p 00000000 00:00 0 
4fe00000-4fec1000 rw-p 00000000 00:00 0 
4fec1000-4ff00000 ---p 00000000 00:00 0 
4ff05000-4ff08000 ---p 00000000 00:00 0 
4ff08000-4ff56000 rw-p 00000000 00:00 0 
4ff56000-4ff59000 ---p 00000000 00:00 0 
4ff59000-4ffa7000 rw-p 00000000 00:00 0 
4ffa7000-500f1000 r-xp 00000000 08:01 792149     /usr/local/lib/swipl-7.3.32/lib/i686-linux/libswipl.so.7.3.32
500f1000-500fb000 r--p 00149000 08:01 792149     /usr/local/lib/swipl-7.3.32/lib/i686-linux/libswipl.so.7.3.32
500fb000-500fe000 rw-p 00153000 08:01 792149     /usr/local/lib/swipl-7.3.32/lib/i686-linux/libswipl.so.7.3.32
500fe000-50100000 rw-p 00000000 00:00 0 
50100000-50200000 rw-p 00000000 00:00 0 
50200000-50240000 rw-p 00000000 00:00 0 
50240000-50300000 ---p 00000000 00:00 0 
50300000-503c2000 rw-p 00000000 00:00 0 
503c2000-50400000 ---p 00000000 00:00 0 
50400000-504f3000 rw-p 00000000 00:00 0 
504f3000-50500000 ---p 00000000 00:00 0 
50500000-505ff000 rw-p 00000000 00:00 0 
505ff000-50600000 ---p 00000000 00:00 0 
50600000-506f1000 rw-p 00000000 00:00 0 
506f1000-50700000 ---p 00000000 00:00 0 
50700000-507fd000 rw-p 00000000 00:00 0 
507fd000-50800000 ---p 00000000 00:00 0 
50800000-508f1000 rw-p 00000000 00:00 0 
508f1000-50900000 ---p 00000000 00:00 0 
50900000-509f1000 rw-p 00000000 00:00 0 
509f1000-50a00000 ---p 00000000 00:00 0 
50a00000-50afe000 rw-p 00000000 00:00 0 
50afe000-50b00000 ---p 00000000 00:00 0 
50b00000-50bf7000 rw-p 00000000 00:00 0 
50bf7000-50c00000 ---p 00000000 00:00 0 
50c00000-50d00000 rw-p 00000000 00:00 0 
50d2e000-50d6c000 r-xp 00000000 08:01 653006     /lib/i386-linux-gnu/libreadline.so.6.3
50d6c000-50d6d000 ---p 0003e000 08:01 653006     /lib/i386-linux-gnu/libreadline.so.6.3
50d6d000-50d6e000 r--p 0003e000 08:01 653006     /lib/i386-linux-gnu/libreadline.so.6.3
50d6e000-50d71000 rw-p 0003f000 08:01 653006     /lib/i386-linux-gnu/libreadline.so.6.3
50d71000-50d72000 rw-p 00000000 00:00 0 
50d72000-50dfc000 r-xp 00000000 08:01 267569     /usr/lib/i386-linux-gnu/libgmp.so.10.3.0
50dfc000-50dfd000 r--p 00089000 08:01 267569     /usr/lib/i386-linux-gnu/libgmp.so.10.3.0
50dfd000-50dfe000 rw-p 0008a000 08:01 267569     /usr/lib/i386-linux-gnu/libgmp.so.10.3.0
50dfe000-514aa000 rw-p 00000000 00:00 0 
514aa000-51eaa000 rwxp 00000000 00:00 0 
51eaa000-52400000 rw-p 00000000 00:00 0 
52400000-524fd000 rw-p 00000000 00:00 0 
524fd000-52500000 ---p 00000000 00:00 0 
52500000-52600000 rw-p 00000000 00:00 0 
52600000-52700000 rw-p 00000000 00:00 0 
52700000-527f6000 rw-p 00000000 00:00 0 
527f6000-52800000 ---p 00000000 00:00 0 
52822000-5283b000 r-xp 00000000 08:01 794149     /usr/local/lib/swipl-7.3.32/lib/i686-linux/libjpl.so
5283b000-5283c000 r--p 00018000 08:01 794149     /usr/local/lib/swipl-7.3.32/lib/i686-linux/libjpl.so
5283c000-5283d000 rw-p 00019000 08:01 794149     /usr/local/lib/swipl-7.3.32/lib/i686-linux/libjpl.so
5283d000-52f00000 rw-p 00000000 00:00 0 
52f00000-52ffc000 rw-p 00000000 00:00 0 
52ffc000-53000000 ---p 00000000 00:00 0 
53013000-5303d000 r--s 00000000 08:01 574529     /usr/local/lib/swipl-7.3.32/boot32.prc
5303d000-5309a000 r-xp 00000000 08:01 267830     /usr/lib/i386-linux-gnu/libjpeg.so.8.0.2
5309a000-5309b000 r--p 0005c000 08:01 267830     /usr/lib/i386-linux-gnu/libjpeg.so.8.0.2
5309b000-5309c000 rw-p 0005d000 08:01 267830     /usr/lib/i386-linux-gnu/libjpeg.so.8.0.2
5309c000-53196000 rw-p 00000000 00:00 0 
53196000-5319c000 ---p 00000000 00:00 0 
5319c000-53219000 rw-p 00000000 00:00 0 
53219000-5321a000 ---p 00000000 00:00 0 
5321a000-5331a000 rw-p 00000000 00:00 0 
5331a000-5731b000 rw-s 00000000 00:13 5          /dev/shm/pulse-shm-3435896552
5731b000-5b31c000 rw-s 00000000 00:13 8          /dev/shm/pulse-shm-912662799
5b31c000-5b31d000 ---p 00000000 00:00 0 
5b31d000-5bb1d000 rw-p 00000000 00:00 0 
5bb1d000-5bb47000 r-xp 00000000 08:01 268323     /usr/lib/i386-linux-gnu/libvorbis.so.0.4.8
5bb47000-5bb48000 r--p 00029000 08:01 268323     /usr/lib/i386-linux-gnu/libvorbis.so.0.4.8
5bb48000-5bb49000 rw-p 0002a000 08:01 268323     /usr/lib/i386-linux-gnu/libvorbis.so.0.4.8
5bb49000-5bbc3000 r-xp 00000000 08:01 268325     /usr/lib/i386-linux-gnu/libvorbisenc.so.2.0.11
5bbc3000-5bbd4000 r--p 00079000 08:01 268325     /usr/lib/i386-linux-gnu/libvorbisenc.so.2.0.11
5bbd4000-5bbd5000 rw-p 0008a000 08:01 268325     /usr/lib/i386-linux-gnu/libvorbisenc.so.2.0.11
5bbd5000-5bc33000 r-xp 00000000 08:01 266883     /usr/lib/i386-linux-gnu/libFLAC.so.8.3.0
5bc33000-5bc34000 r--p 0005d000 08:01 266883     /usr/lib/i386-linux-gnu/libFLAC.so.8.3.0
5bc34000-5bc35000 rw-p 0005e000 08:01 266883     /usr/lib/i386-linux-gnu/libFLAC.so.8.3.0
5bc35000-5bce0000 r-xp 00000000 08:01 652955     /lib/i386-linux-gnu/libgcrypt.so.20.0.5
5bce0000-5bce1000 r--p 000aa000 08:01 652955     /lib/i386-linux-gnu/libgcrypt.so.20.0.5
5bce1000-5bce4000 rw-p 000ab000 08:01 652955     /lib/i386-linux-gnu/libgcrypt.so.20.0.5
5bce4000-5bd08000 r-xp 00000000 08:01 652924     /lib/i386-linux-gnu/liblzma.so.5.0.0
5bd08000-5bd09000 r--p 00023000 08:01 652924     /lib/i386-linux-gnu/liblzma.so.5.0.0
5bd09000-5bd0a000 rw-p 00024000 08:01 652924     /lib/i386-linux-gnu/liblzma.so.5.0.0
5bd0a000-5bd7c000 r-xp 00000000 08:01 268211     /usr/lib/i386-linux-gnu/libsndfile.so.1.0.25
5bd7c000-5bd7d000 ---p 00072000 08:01 268211     /usr/lib/i386-linux-gnu/libsndfile.so.1.0.25
5bd7d000-5bd7e000 r--p 00072000 08:01 268211     /usr/lib/i386-linux-gnu/libsndfile.so.1.0.25
5bd7e000-5bd7f000 rw-p 00073000 08:01 268211     /usr/lib/i386-linux-gnu/libsndfile.so.1.0.25
5bd7f000-5bd83000 rw-p 00000000 00:00 0 
5bd83000-5be0e000 r-xp 00000000 08:01 653099     /lib/i386-linux-gnu/libsystemd.so.0.14.0
5be0e000-5be10000 r--p 0008a000 08:01 653099     /lib/i386-linux-gnu/libsystemd.so.0.14.0
5be10000-5be11000 rw-p 0008c000 08:01 653099     /lib/i386-linux-gnu/libsystemd.so.0.14.0
5be11000-5be68000 r-xp 00000000 08:01 652887     /lib/i386-linux-gnu/libdbus-1.so.3.14.6
5be68000-5be69000 ---p 00057000 08:01 652887     /lib/i386-linux-gnu/libdbus-1.so.3.14.6
5be69000-5be6a000 r--p 00057000 08:01 652887     /lib/i386-linux-gnu/libdbus-1.so.3.14.6
5be6a000-5be6b000 rw-p 00058000 08:01 652887     /lib/i386-linux-gnu/libdbus-1.so.3.14.6
5be6b000-5bef1000 r-xp 00000000 08:01 268089     /usr/lib/i386-linux-gnu/pulseaudio/libpulsecommon-8.0.so
5bef1000-5bef2000 r--p 00085000 08:01 268089     /usr/lib/i386-linux-gnu/pulseaudio/libpulsecommon-8.0.so
5bef2000-5bef3000 rw-p 00086000 08:01 268089     /usr/lib/i386-linux-gnu/pulseaudio/libpulsecommon-8.0.so
5bef3000-5bf4a000 r-xp 00000000 08:01 268680     /usr/lib/i386-linux-gnu/libpulse.so.0.19.0
5bf4a000-5bf4b000 ---p 00057000 08:01 268680     /usr/lib/i386-linux-gnu/libpulse.so.0.19.0
5bf4b000-5bf4c000 r--p 00057000 08:01 268680     /usr/lib/i386-linux-gnu/libpulse.so.0.19.0
5bf4c000-5bf4d000 rw-p 00058000 08:01 268680     /usr/lib/i386-linux-gnu/libpulse.so.0.19.0
5bf4d000-5bf98000 r-xp 00000000 08:01 293297     /home/mosima/Documents/workspace/ACTC/libopenal.so
5bf98000-5bf99000 r--p 0004b000 08:01 293297     /home/mosima/Documents/workspace/ACTC/libopenal.so
5bf99000-5bf9a000 rw-p 0004c000 08:01 293297     /home/mosima/Documents/workspace/ACTC/libopenal.so
5bf9a000-5bf9d000 ---p 00000000 00:00 0 
5bf9d000-5bfeb000 rw-p 00000000 00:00 0 
5bfeb000-5bfee000 ---p 00000000 00:00 0 
5bfee000-5c03c000 rw-p 00000000 00:00 0 
5c03c000-5c03f000 ---p 00000000 00:00 0 
5c03f000-5c08d000 rw-p 00000000 00:00 0 
5c08d000-5c090000 ---p 00000000 00:00 0 
5c090000-5c1de000 rw-p 00000000 00:00 0 
5c1de000-5c1e1000 ---p 00000000 00:00 0 
5c1e1000-5c32f000 rw-p 00000000 00:00 0 
5c32f000-5c332000 ---p 00000000 00:00 0 
5c332000-5c380000 rw-p 00000000 00:00 0 
5c380000-5c383000 ---p 00000000 00:00 0 
5c383000-5c3d1000 rw-p 00000000 00:00 0 
5c3d1000-5c3d4000 ---p 00000000 00:00 0 
5c3d4000-5c522000 rw-p 00000000 00:00 0 
5c522000-5c900000 rw-p 00000000 00:00 0 
5c900000-5c9ff000 rw-p 00000000 00:00 0 
5c9ff000-5ca00000 ---p 00000000 00:00 0 
5ca00000-5cb00000 rw-p 00000000 00:00 0 
5cb00000-5cc00000 rw-p 00000000 00:00 0 
5cc05000-5cc1e000 r-xp 00000000 08:01 411476     /usr/lib/jvm/java-8-openjdk-i386/jre/lib/i386/server/libjpl.so
5cc1e000-5cc1f000 r--p 00018000 08:01 411476     /usr/lib/jvm/java-8-openjdk-i386/jre/lib/i386/server/libjpl.so
5cc1f000-5cc20000 rw-p 00019000 08:01 411476     /usr/lib/jvm/java-8-openjdk-i386/jre/lib/i386/server/libjpl.so
5cc20000-5cc23000 ---p 00000000 00:00 0 
5cc23000-5cc71000 rw-p 00000000 00:00 0 
5cc71000-5cc74000 ---p 00000000 00:00 0 
5cc74000-5ccc2000 rw-p 00000000 00:00 0 
5ccc9000-5ccdd000 r-xp 00000000 08:01 652901     /lib/i386-linux-gnu/libgpg-error.so.0.17.0
5ccdd000-5ccde000 r--p 00013000 08:01 652901     /lib/i386-linux-gnu/libgpg-error.so.0.17.0
5ccde000-5ccdf000 rw-p 00014000 08:01 652901     /lib/i386-linux-gnu/libgpg-error.so.0.17.0
5cced000-5ccfb000 r--p 00000000 08:01 550931     /usr/share/locale-langpack/fr/LC_MESSAGES/pulseaudio.mo
5ccfb000-5ccfe000 ---p 00000000 00:00 0 
5ccfe000-5cd4c000 rw-p 00000000 00:00 0 
5cd4c000-5cd4f000 ---p 00000000 00:00 0 
5cd4f000-5cd9d000 rw-p 00000000 00:00 0 
5cd9d000-5cda0000 ---p 00000000 00:00 0 
5cda0000-5cdee000 rw-p 00000000 00:00 0 
5cdee000-5ce23000 r-xp 00000000 08:01 268277     /usr/lib/i386-linux-gnu/libtxc_dxtn_s2tc.so.0.0.0
5ce23000-5ce24000 r--p 00034000 08:01 268277     /usr/lib/i386-linux-gnu/libtxc_dxtn_s2tc.so.0.0.0
5ce24000-5ce25000 rw-p 00035000 08:01 268277     /usr/lib/i386-linux-gnu/libtxc_dxtn_s2tc.so.0.0.0
5ce25000-5ce26000 ---p 00000000 00:00 0 
5ce26000-5d626000 rw-p 00000000 00:00 0 
5d626000-5d627000 ---p 00000000 00:00 0 
5d627000-5de27000 rw-p 00000000 00:00 0 
5de27000-5de41000 r-xp 00000000 08:01 652853     /lib/i386-linux-gnu/libbsd.so.0.8.2
5de41000-5de42000 r--p 00019000 08:01 652853     /lib/i386-linux-gnu/libbsd.so.0.8.2
5de42000-5de43000 rw-p 0001a000 08:01 652853     /lib/i386-linux-gnu/libbsd.so.0.8.2
5de43000-5de75000 r-xp 00000000 08:01 267380     /usr/lib/i386-linux-gnu/libedit.so.2.0.53
5de75000-5de76000 ---p 00032000 08:01 267380     /usr/lib/i386-linux-gnu/libedit.so.2.0.53
5de76000-5de77000 r--p 00032000 08:01 267380     /usr/lib/i386-linux-gnu/libedit.so.2.0.53
5de77000-5de78000 rw-p 00033000 08:01 267380     /usr/lib/i386-linux-gnu/libedit.so.2.0.53
5de78000-5de7a000 rw-p 00000000 00:00 0 
5de7a000-607c3000 r-xp 00000000 08:01 265901     /usr/lib/i386-linux-gnu/libLLVM-3.8.so.1
607c3000-607c4000 ---p 02949000 08:01 265901     /usr/lib/i386-linux-gnu/libLLVM-3.8.so.1
607c4000-609b1000 r--p 02949000 08:01 265901     /usr/lib/i386-linux-gnu/libLLVM-3.8.so.1
609b1000-609b2000 rw-p 02b36000 08:01 265901     /usr/lib/i386-linux-gnu/libLLVM-3.8.so.1
609b2000-609d1000 rw-p 00000000 00:00 0 
609d1000-61341000 r-xp 00000000 08:01 260937     /usr/lib/i386-linux-gnu/dri/swrast_dri.so
61341000-61393000 r--p 0096f000 08:01 260937     /usr/lib/i386-linux-gnu/dri/swrast_dri.so
61393000-6139d000 rw-p 009c1000 08:01 260937     /usr/lib/i386-linux-gnu/dri/swrast_dri.so
6139d000-61591000 rw-p 00000000 00:00 0 
61591000-615f8000 r-xp 00000000 08:01 261432     /usr/lib/i386-linux-gnu/mesa/libGL.so.1.2.0
615f8000-615f9000 ---p 00067000 08:01 261432     /usr/lib/i386-linux-gnu/mesa/libGL.so.1.2.0
615f9000-615fb000 r--p 00067000 08:01 261432     /usr/lib/i386-linux-gnu/mesa/libGL.so.1.2.0
615fb000-61600000 rwxp 00069000 08:01 261432     /usr/lib/i386-linux-gnu/mesa/libGL.so.1.2.0
61600000-616fb000 rw-p 00000000 00:00 0 
616fb000-61700000 ---p 00000000 00:00 0 
61700000-61800000 rw-p 00000000 00:00 0 
61800000-618b0000 rw-p 00000000 00:00 0 
618b0000-61900000 ---p 00000000 00:00 0 
6190a000-61911000 r-xp 00000000 08:01 267996     /usr/lib/i386-linux-gnu/libogg.so.0.8.2
61911000-61912000 r--p 00006000 08:01 267996     /usr/lib/i386-linux-gnu/libogg.so.0.8.2
61912000-61913000 rw-p 00007000 08:01 267996     /usr/lib/i386-linux-gnu/libogg.so.0.8.2
61913000-61933000 r-xp 00000000 08:01 653027     /lib/i386-linux-gnu/libtinfo.so.5.9
61933000-61935000 r--p 0001f000 08:01 653027     /lib/i386-linux-gnu/libtinfo.so.5.9
61935000-61936000 rw-p 00021000 08:01 653027     /lib/i386-linux-gnu/libtinfo.so.5.9
61936000-61950000 r-xp 00000000 08:01 267385     /usr/lib/i386-linux-gnu/libelf-0.165.so
61950000-61951000 r--p 00019000 08:01 267385     /usr/lib/i386-linux-gnu/libelf-0.165.so
61951000-61952000 rw-p 0001a000 08:01 267385     /usr/lib/i386-linux-gnu/libelf-0.165.so
61952000-61955000 ---p 00000000 00:00 0 
61955000-619a3000 rw-p 00000000 00:00 0 
619a3000-619fe000 r-xp 00000000 08:01 293299     /home/mosima/Documents/workspace/ACTC/liblwjgl.so
619fe000-619ff000 r--p 0005a000 08:01 293299     /home/mosima/Documents/workspace/ACTC/liblwjgl.so
619ff000-61a00000 rw-p 0005b000 08:01 293299     /home/mosima/Documents/workspace/ACTC/liblwjgl.so
61a00000-61b00000 rw-p 00000000 00:00 0 
61b00000-61c00000 rw-s 00000000 00:05 3997700    /SYSV00000000 (deleted)
61c00000-61d00000 rw-p 00000000 00:00 0 
61d00000-61dfb000 rw-p 00000000 00:00 0 
61dfb000-61e00000 ---p 00000000 00:00 0 
61e01000-61e06000 r-xp 00000000 08:01 267136     /usr/lib/i386-linux-gnu/libasyncns.so.0.3.1
61e06000-61e07000 r--p 00004000 08:01 267136     /usr/lib/i386-linux-gnu/libasyncns.so.0.3.1
61e07000-61e08000 rw-p 00005000 08:01 267136     /usr/lib/i386-linux-gnu/libasyncns.so.0.3.1
61e08000-61e0b000 ---p 00000000 00:00 0 
61e0b000-61e59000 rw-p 00000000 00:00 0 
61e59000-61e5a000 r-xp 00000000 08:01 270128     /usr/lib/i386-linux-gnu/gtk-2.0/2.10.0/immodules/im-cedilla.so
61e5a000-61e5b000 r--p 00000000 08:01 270128     /usr/lib/i386-linux-gnu/gtk-2.0/2.10.0/immodules/im-cedilla.so
61e5b000-61e5c000 rw-p 00001000 08:01 270128     /usr/lib/i386-linux-gnu/gtk-2.0/2.10.0/immodules/im-cedilla.so
61e5c000-61ea7000 r--p 00000000 08:01 1044351    /usr/share/fonts/truetype/noto/NotoSans-Regular.ttf
61ea8000-61eaa000 r-xp 00000000 00:00 0 
61eaa000-61eb3000 r-xp 00000000 08:01 266104     /usr/lib/i386-linux-gnu/libdrm_amdgpu.so.1.0.0
61eb3000-61eb4000 r--p 00008000 08:01 266104     /usr/lib/i386-linux-gnu/libdrm_amdgpu.so.1.0.0
61eb4000-61eb5000 rw-p 00009000 08:01 266104     /usr/lib/i386-linux-gnu/libdrm_amdgpu.so.1.0.0
61eb5000-61ec1000 r-xp 00000000 08:01 266122     /usr/lib/i386-linux-gnu/libdrm_radeon.so.1.0.1
61ec1000-61ec2000 r--p 0000b000 08:01 266122     /usr/lib/i386-linux-gnu/libdrm_radeon.so.1.0.1
61ec2000-61ec3000 rw-p 0000c000 08:01 266122     /usr/lib/i386-linux-gnu/libdrm_radeon.so.1.0.1
61ec3000-61ecb000 r-xp 00000000 08:01 266117     /usr/lib/i386-linux-gnu/libdrm_nouveau.so.2.0.0
61ecb000-61ecc000 r--p 00007000 08:01 266117     /usr/lib/i386-linux-gnu/libdrm_nouveau.so.2.0.0
61ecc000-61ecd000 rw-p 00008000 08:01 266117     /usr/lib/i386-linux-gnu/libdrm_nouveau.so.2.0.0
61ecd000-61edd000 r-xp 00000000 08:01 269400     /usr/lib/i386-linux-gnu/libdrm.so.2.4.0
61edd000-61ede000 r--p 0000f000 08:01 269400     /usr/lib/i386-linux-gnu/libdrm.so.2.4.0
61ede000-61edf000 rw-p 00010000 08:01 269400     /usr/lib/i386-linux-gnu/libdrm.so.2.4.0
61edf000-61ee2000 ---p 00000000 00:00 0 
61ee2000-61f30000 rw-p 00000000 00:00 0 
61f30000-61f31000 r-xp 00000000 00:00 0 
61f31000-61f4b000 r-xp 00000000 00:00 0 
61f4b000-61f50000 r-xp 00000000 08:01 267088     /usr/lib/i386-linux-gnu/libXxf86vm.so.1.0.0
61f50000-61f51000 r--p 00004000 08:01 267088     /usr/lib/i386-linux-gnu/libXxf86vm.so.1.0.0
61f51000-61f52000 rw-p 00005000 08:01 267088     /usr/lib/i386-linux-gnu/libXxf86vm.so.1.0.0
61f52000-61f6a000 r-xp 00000000 08:01 268424     /usr/lib/i386-linux-gnu/libxcb-glx.so.0.0.0
61f6a000-61f6b000 ---p 00018000 08:01 268424     /usr/lib/i386-linux-gnu/libxcb-glx.so.0.0.0
61f6b000-61f6c000 r--p 00018000 08:01 268424     /usr/lib/i386-linux-gnu/libxcb-glx.so.0.0.0
61f6c000-61f6d000 rw-p 00019000 08:01 268424     /usr/lib/i386-linux-gnu/libxcb-glx.so.0.0.0
61f6d000-61fcd000 rw-s 00000000 00:05 3899394    /SYSV00000000 (deleted)
61fcd000-61fd9000 r-xp 00000000 00:00 0 
61fd9000-61fe2000 r-xp 00000000 08:01 393360     /usr/lib/jvm/java-8-openjdk-i386/jre/lib/i386/libjavajpeg.so
61fe2000-61fe3000 r--p 00008000 08:01 393360     /usr/lib/jvm/java-8-openjdk-i386/jre/lib/i386/libjavajpeg.so
61fe3000-61fe4000 rw-p 00009000 08:01 393360     /usr/lib/jvm/java-8-openjdk-i386/jre/lib/i386/libjavajpeg.so
61fe4000-61ff7000 r-xp 00000000 08:01 261549     /usr/lib/i386-linux-gnu/libglapi.so.0.0.0
61ff7000-61ff8000 ---p 00013000 08:01 261549     /usr/lib/i386-linux-gnu/libglapi.so.0.0.0
61ff8000-61ffa000 r--p 00013000 08:01 261549     /usr/lib/i386-linux-gnu/libglapi.so.0.0.0
61ffa000-62000000 rwxp 00015000 08:01 261549     /usr/lib/i386-linux-gnu/libglapi.so.0.0.0
62000000-620fb000 rw-p 00000000 00:00 0 
620fb000-62100000 ---p 00000000 00:00 0 
62100000-62200000 rw-p 00000000 00:00 0 
62200000-62300000 rw-p 00000000 00:00 0 
62300000-62301000 r-xp 00000000 00:00 0 
62301000-62305000 r-xp 00000000 08:01 268420     /usr/lib/i386-linux-gnu/libxcb-dri2.so.0.0.0
62305000-62306000 r--p 00003000 08:01 268420     /usr/lib/i386-linux-gnu/libxcb-dri2.so.0.0.0
62306000-62307000 rw-p 00004000 08:01 268420     /usr/lib/i386-linux-gnu/libxcb-dri2.so.0.0.0
62307000-62308000 r-xp 00000000 08:01 267033     /usr/lib/i386-linux-gnu/libX11-xcb.so.1.0.0
62308000-62309000 r--p 00000000 08:01 267033     /usr/lib/i386-linux-gnu/libX11-xcb.so.1.0.0
62309000-6230a000 rw-p 00001000 08:01 267033     /usr/lib/i386-linux-gnu/libX11-xcb.so.1.0.0
6230a000-6230b000 r-xp 00000000 08:01 268470     /usr/lib/i386-linux-gnu/libxshmfence.so.1.0.0
6230b000-6230c000 r--p 00000000 08:01 268470     /usr/lib/i386-linux-gnu/libxshmfence.so.1.0.0
6230c000-6230d000 rw-p 00001000 08:01 268470     /usr/lib/i386-linux-gnu/libxshmfence.so.1.0.0
6230d000-62312000 r-xp 00000000 00:00 0 
62312000-6231a000 r-xp 00000000 08:01 653041     /lib/i386-linux-gnu/libwrap.so.0.7.6
6231a000-6231b000 r--p 00007000 08:01 653041     /lib/i386-linux-gnu/libwrap.so.0.7.6
6231b000-6231c000 rw-p 00008000 08:01 653041     /lib/i386-linux-gnu/libwrap.so.0.7.6
6231c000-62326000 r-xp 00000000 08:01 652916     /lib/i386-linux-gnu/libjson-c.so.2.0.0
62326000-62327000 r--p 00009000 08:01 652916     /lib/i386-linux-gnu/libjson-c.so.2.0.0
62327000-62328000 rw-p 0000a000 08:01 652916     /lib/i386-linux-gnu/libjson-c.so.2.0.0
62328000-62329000 rwxp 00000000 00:00 0 
62329000-6232c000 ---p 00000000 00:00 0 
6232c000-62442000 rw-p 00000000 00:00 0 
62442000-62447000 r--s 00000000 08:01 791243     /var/cache/fontconfig/4be9850f182b35c1350b6bbf2e42601c-le32d4.cache-6
62447000-62448000 r--s 00000000 08:01 791242     /var/cache/fontconfig/30a99c4256905863f7aa12b5e873c27c-le32d4.cache-6
62448000-62449000 r--s 00000000 08:01 791241     /var/cache/fontconfig/087e1975ba9a574b140bb1df193bf770-le32d4.cache-6
62449000-6244c000 r--s 00000000 08:01 791240     /var/cache/fontconfig/6aa41aa22e18b8fa06a12da28ea9c28b-le32d4.cache-6
6244c000-62454000 r--s 00000000 08:01 817535     /var/cache/fontconfig/945677eb7aeaf62f1d50efc3fb3ec7d8-le32d4.cache-6
62454000-62456000 r--s 00000000 08:01 817521     /var/cache/fontconfig/99e8ed0e538f840c565b6ed5dad60d56-le32d4.cache-6
62456000-6245a000 r--s 00000000 08:01 817514     /var/cache/fontconfig/2cd17615ca594fa2959ae173292e504c-le32d4.cache-6
6245a000-6245b000 r--s 00000000 08:01 814422     /var/cache/fontconfig/0d8c3b2ac0904cb8a57a757ad11a4a08-le32d4.cache-6
6245b000-6246a000 r--s 00000000 08:01 814421     /var/cache/fontconfig/04aabc0a78ac019cf9454389977116d2-le32d4.cache-6
6246a000-6246b000 r--s 00000000 08:01 814420     /var/cache/fontconfig/1ac9eb803944fde146138c791f5cc56a-le32d4.cache-6
6246b000-6246e000 r--s 00000000 08:01 814416     /var/cache/fontconfig/385c0604a188198f04d133e54aba7fe7-le32d4.cache-6
6246e000-6246f000 r--s 00000000 08:01 791239     /var/cache/fontconfig/9c956a7723ca69a44b382d9179c9802f-le32d4.cache-6
6246f000-62470000 r--s 00000000 08:01 814415     /var/cache/fontconfig/dc05db6664285cc2f12bf69c139ae4c3-le32d4.cache-6
62470000-62471000 r--s 00000000 08:01 814402     /var/cache/fontconfig/14a5e22175779b556eaa434240950366-le32d4.cache-6
62471000-62472000 r--s 00000000 08:01 814401     /var/cache/fontconfig/660208299946a285a940457d1287da33-le32d4.cache-6
62472000-62473000 r--s 00000000 08:01 814400     /var/cache/fontconfig/4f3e3037c9980c83b53a9351efadef62-le32d4.cache-6
62473000-62475000 r--s 00000000 08:01 814371     /var/cache/fontconfig/767a8244fc0220cfb567a839d0392e0b-le32d4.cache-6
62475000-62476000 r--s 00000000 08:01 788354     /var/cache/fontconfig/4794a0821666d79190d59a36cb4f44b5-le32d4.cache-6
62476000-62477000 r--s 00000000 08:01 791237     /var/cache/fontconfig/9eae20f1ff8cc0a7d125749e875856bd-le32d4.cache-6
62477000-624a6000 r--s 00000000 08:01 814369     /var/cache/fontconfig/0bd3dc0958fa2205aaaa8ebb13e2872b-le32d4.cache-6
624a6000-624a8000 r--s 00000000 08:01 791236     /var/cache/fontconfig/bf2c1853a9e9b00bb02fe2e9bcf1e201-le32d4.cache-6
624a8000-624ac000 r--s 00000000 08:01 814368     /var/cache/fontconfig/8801497958630a81b71ace7c5f9b32a8-le32d4.cache-6
624ac000-624ae000 r--s 00000000 08:01 814352     /var/cache/fontconfig/a015930274ffcd967d2ca1b57da47cc7-le32d4.cache-6
624ae000-624af000 r--s 00000000 08:01 814313     /var/cache/fontconfig/b872e6e592da6075ffa4ab0a1fcc0c75-le32d4.cache-6
624af000-624b0000 r--s 00000000 08:01 814312     /var/cache/fontconfig/f6d4eedfaab2589bde49f7a3ff831d22-le32d4.cache-6
624b0000-624b1000 r--s 00000000 08:01 814266     /var/cache/fontconfig/589f83ef4c36d296ce6e1c846f468f08-le32d4.cache-6
624b1000-624b2000 r--s 00000000 08:01 814265     /var/cache/fontconfig/bab58bb527bb656aaa9f116d68a48d89-le32d4.cache-6
624b2000-624b3000 r--s 00000000 08:01 814264     /var/cache/fontconfig/2171a34dccabdb6bcbbc728186263178-le32d4.cache-6
624b3000-624b4000 r--s 00000000 08:01 814263     /var/cache/fontconfig/c5c45a61289222e0d30b1a26ef4effbe-le32d4.cache-6
624b4000-624b5000 r--s 00000000 08:01 814262     /var/cache/fontconfig/aec30016f93e1b46d1a973dce0d74068-le32d4.cache-6
624b5000-624b6000 r--s 00000000 08:01 814261     /var/cache/fontconfig/3f589640d34b7dc9042c8d453f7c8b9c-le32d4.cache-6
624b6000-624b7000 r--s 00000000 08:01 814260     /var/cache/fontconfig/16c2fda60d1b4b719f4b3d06fd951d25-le32d4.cache-6
624b7000-624b8000 r--s 00000000 08:01 814259     /var/cache/fontconfig/a48eab177a16e4f3713381162db2f3e9-le32d4.cache-6
624b8000-624b9000 r--s 00000000 08:01 814256     /var/cache/fontconfig/564b2e68ac9bc4e36a6f7f6d6125ec1c-le32d4.cache-6
624b9000-624be000 r--s 00000000 08:01 814242     /var/cache/fontconfig/3047814df9a2f067bd2d96a2b9c36e5a-le32d4.cache-6
624be000-624c4000 r--s 00000000 08:01 791235     /var/cache/fontconfig/bf3b770c553c462765856025a94f1ce6-le32d4.cache-6
624c4000-624c5000 r--s 00000000 08:01 789322     /var/cache/fontconfig/56cf4f4769d0f4abc89a4895d7bd3ae1-le32d4.cache-6
624c5000-624c6000 r--s 00000000 08:01 788990     /var/cache/fontconfig/b9d506c9ac06c20b433354fa67a72993-le32d4.cache-6
624c6000-624ca000 r--s 00000000 08:01 788989     /var/cache/fontconfig/b47c4e1ecd0709278f4910c18777a504-le32d4.cache-6
624ca000-624cc000 r--s 00000000 08:01 791234     /var/cache/fontconfig/14d493b97896515cad3840ba4896e372-le32d4.cache-6
624cc000-624cf000 r--s 00000000 08:01 791233     /var/cache/fontconfig/e49e89034d371f0f9de17aab02136486-le32d4.cache-6
624cf000-624d1000 r--s 00000000 08:01 791232     /var/cache/fontconfig/4b14b093aebc79c320de5e86ae1d3314-le32d4.cache-6
624d1000-624e1000 r--s 00000000 08:01 788988     /var/cache/fontconfig/d52a8644073d54c13679302ca1180695-le32d4.cache-6
624e1000-624e2000 r--s 00000000 08:01 788987     /var/cache/fontconfig/370e5b74bf5dafc30834de68e24a87a4-le32d4.cache-6
624e2000-624e3000 r--s 00000000 08:01 788986     /var/cache/fontconfig/6b2c5944714ca7831b25bed9e85cb5c8-le32d4.cache-6
624e3000-624e4000 r--s 00000000 08:01 788985     /var/cache/fontconfig/d5178ab6d91b49bf20a416737dcea9e8-le32d4.cache-6
624e4000-624e5000 r--s 00000000 08:01 788984     /var/cache/fontconfig/551ecf3b0e8b0bca0f25c0944f561853-le32d4.cache-6
624e5000-624e7000 r--s 00000000 08:01 788983     /var/cache/fontconfig/f259c2cffa685e28062317905db73c4a-le32d4.cache-6
624e7000-624e8000 r--s 00000000 08:01 788982     /var/cache/fontconfig/550f3886151c940c12a5ed35f6a00586-le32d4.cache-6
624e8000-624ea000 r--s 00000000 08:01 788981     /var/cache/fontconfig/674d1711f2d1d2a09646eb0bdcadee49-le32d4.cache-6
624ea000-624eb000 r--s 00000000 08:01 791231     /var/cache/fontconfig/8a687c406b77f27d99abfeeba937fcce-le32d4.cache-6
624eb000-624ef000 r--s 00000000 08:01 791230     /var/cache/fontconfig/75ad6aa2358a85f0de2c8ee4837e8227-le32d4.cache-6
624ef000-624f1000 r--s 00000000 08:01 791229     /var/cache/fontconfig/65f976e5259cbe6dc7697b8648396239-le32d4.cache-6
624f1000-624fa000 r--s 00000000 08:01 788980     /var/cache/fontconfig/d589a48862398ed80a3d6066f4f56f4c-le32d4.cache-6
624fa000-624fd000 r--s 00000000 08:01 791228     /var/cache/fontconfig/246184dc75a16901ca37d96895904249-le32d4.cache-6
624fd000-624fe000 r--s 00000000 08:01 791227     /var/cache/fontconfig/94f7fe9bd33aadfac165873bd010d595-le32d4.cache-6
624fe000-624ff000 r--s 00000000 08:01 791226     /var/cache/fontconfig/423767150eb258c59035de29db6fca84-le32d4.cache-6
624ff000-62500000 r--s 00000000 08:01 791225     /var/cache/fontconfig/406a1d2d2bf3ed7664fbadefac0b2f66-le32d4.cache-6
62500000-62502000 r--s 00000000 08:01 791224     /var/cache/fontconfig/67709b7835c0f764c1135060c9575660-le32d4.cache-6
62502000-6250c000 r--s 00000000 08:01 791223     /var/cache/fontconfig/198d8fcf01c96d0cf813f74fd759bdb7-le32d4.cache-6
6250c000-6250d000 r--s 00000000 08:01 788977     /var/cache/fontconfig/0c9eb80ebd1c36541ebe2852d3bb0c49-le32d4.cache-6
6250d000-6250e000 r--s 00000000 08:01 788361     /var/cache/fontconfig/22368d551a680bfe5a62c02760edf4ea-le32d4.cache-6
6250e000-6250f000 r--s 00000000 08:01 788360     /var/cache/fontconfig/4d9c95eba1cb85bbcf2878543262124a-le32d4.cache-6
6250f000-62510000 r--s 00000000 08:01 788359     /var/cache/fontconfig/85e0a52ce643a7ba2ae53e5d6949cead-le32d4.cache-6
62510000-62511000 r--s 00000000 08:01 788358     /var/cache/fontconfig/49f0de54bdd920fe4f0dfd4cbac43e6b-le32d4.cache-6
62511000-62514000 r--s 00000000 08:01 791221     /var/cache/fontconfig/75114ca45c98e8a441da0ff356701271-le32d4.cache-6
62514000-6251c000 r--s 00000000 08:01 791220     /var/cache/fontconfig/83bf95040141907cd45bb53cf7c1c148-le32d4.cache-6
6251c000-6252a000 r--s 00000000 08:01 791053     /var/cache/fontconfig/9b89f8e3dae116d678bbf48e5f21f69b-le32d4.cache-6
6252a000-62530000 r--s 00000000 08:01 788353     /var/cache/fontconfig/d0972c3d32f097851eb916381fc38920-le32d4.cache-6
62530000-62535000 r--s 00000000 08:01 791217     /var/cache/fontconfig/53d14c92082a93e67d5078324eb314ca-le32d4.cache-6
62535000-62545000 r--s 00000000 08:01 791215     /var/cache/fontconfig/4ac51e5cfbc76fc3f983e470323a16d3-le32d4.cache-6
62545000-6254a000 r-xp 00000000 08:01 268444     /usr/lib/i386-linux-gnu/libxcb-sync.so.1.0.0
6254a000-6254b000 ---p 00005000 08:01 268444     /usr/lib/i386-linux-gnu/libxcb-sync.so.1.0.0
6254b000-6254c000 r--p 00005000 08:01 268444     /usr/lib/i386-linux-gnu/libxcb-sync.so.1.0.0
6254c000-6254d000 rw-p 00006000 08:01 268444     /usr/lib/i386-linux-gnu/libxcb-sync.so.1.0.0
6254d000-6254f000 r-xp 00000000 08:01 268432     /usr/lib/i386-linux-gnu/libxcb-present.so.0.0.0
6254f000-62550000 r--p 00001000 08:01 268432     /usr/lib/i386-linux-gnu/libxcb-present.so.0.0.0
62550000-62551000 rw-p 00002000 08:01 268432     /usr/lib/i386-linux-gnu/libxcb-present.so.0.0.0
62551000-62553000 r-xp 00000000 08:01 268422     /usr/lib/i386-linux-gnu/libxcb-dri3.so.0.0.0
62553000-62554000 r--p 00001000 08:01 268422     /usr/lib/i386-linux-gnu/libxcb-dri3.so.0.0.0
62554000-62555000 rw-p 00002000 08:01 268422     /usr/lib/i386-linux-gnu/libxcb-dri3.so.0.0.0
62555000-62556000 r-xp 00000000 08:01 393372     /usr/lib/jvm/java-8-openjdk-i386/jre/lib/i386/libjawt.so
62556000-62557000 r--p 00000000 08:01 393372     /usr/lib/jvm/java-8-openjdk-i386/jre/lib/i386/libjawt.so
62557000-62558000 rw-p 00001000 08:01 393372     /usr/lib/jvm/java-8-openjdk-i386/jre/lib/i386/libjawt.so
62558000-6255d000 r--s 002f9000 08:01 393334     /usr/lib/jvm/java-8-openjdk-i386/jre/lib/charsets.jar
6255d000-6256e000 r-xp 00000000 08:01 393346     /usr/lib/jvm/java-8-openjdk-i386/jre/lib/i386/libnio.so
6256e000-6256f000 r--p 00010000 08:01 393346     /usr/lib/jvm/java-8-openjdk-i386/jre/lib/i386/libnio.so
6256f000-62570000 rw-p 00011000 08:01 393346     /usr/lib/jvm/java-8-openjdk-i386/jre/lib/i386/libnio.so
62570000-62731000 rw-p 00000000 00:00 0 
62731000-62747000 r-xp 00000000 08:01 393370     /usr/lib/jvm/java-8-openjdk-i386/jre/lib/i386/libnet.so
62747000-62748000 r--p 00015000 08:01 393370     /usr/lib/jvm/java-8-openjdk-i386/jre/lib/i386/libnet.so
62748000-62749000 rw-p 00016000 08:01 393370     /usr/lib/jvm/java-8-openjdk-i386/jre/lib/i386/libnet.so
62749000-62774000 r--p 00000000 08:01 551229     /usr/share/locale-langpack/fr/LC_MESSAGES/gtk20-properties.mo
62774000-6277b000 r-xp 00000000 08:01 267302     /usr/lib/i386-linux-gnu/libdatrie.so.1.3.3
6277b000-6277c000 ---p 00007000 08:01 267302     /usr/lib/i386-linux-gnu/libdatrie.so.1.3.